0 info it worked if it ends with ok
1 verbose cli [ 'C:\\Program Files\\nodejs\\node.exe',
1 verbose cli   'C:\\Program Files\\nodejs\\node_modules\\npm\\bin\\npm-cli.js',
1 verbose cli   'install',
1 verbose cli   'driftyco/ionicons' ]
2 info using npm@3.10.9
3 info using node@v6.9.2
4 silly loadCurrentTree Starting
5 silly install loadCurrentTree
6 silly install readLocalPackageData
7 silly fetchPackageMetaData driftyco/ionicons
8 silly fetchOtherPackageData driftyco/ionicons
9 silly cache add args [ 'driftyco/ionicons', null ]
10 verbose cache add spec driftyco/ionicons
11 silly cache add parsed spec Result {
11 silly cache add   raw: 'driftyco/ionicons',
11 silly cache add   scope: null,
11 silly cache add   escapedName: null,
11 silly cache add   name: null,
11 silly cache add   rawSpec: 'driftyco/ionicons',
11 silly cache add   spec: 'github:driftyco/ionicons',
11 silly cache add   type: 'hosted',
11 silly cache add   hosted:
11 silly cache add    { type: 'github',
11 silly cache add      ssh: 'git@github.com:driftyco/ionicons.git',
11 silly cache add      sshUrl: 'git+ssh://git@github.com/driftyco/ionicons.git',
11 silly cache add      httpsUrl: 'git+https://github.com/driftyco/ionicons.git',
11 silly cache add      gitUrl: 'git://github.com/driftyco/ionicons.git',
11 silly cache add      shortcut: 'github:driftyco/ionicons',
11 silly cache add      directUrl: 'https://raw.githubusercontent.com/driftyco/ionicons/master/package.json' } }
12 verbose addRemoteGit caching driftyco/ionicons
13 verbose addRemoteGit driftyco/ionicons is a repository hosted by github
14 silly tryGitProto attempting to clone git://github.com/driftyco/ionicons.git
15 silly tryClone cloning driftyco/ionicons via git://github.com/driftyco/ionicons.git
16 verbose tryClone git-github-com-driftyco-ionicons-git-fa5a49b3 not in flight; caching
17 verbose correctMkdir C:\Users\5CLASS-183\AppData\Roaming\npm-cache\_git-remotes correctMkdir not in flight; initializing
18 verbose makeDirectory C:\Users\5CLASS-183\AppData\Roaming\npm-cache\_git-remotes creation not in flight; initializing
19 verbose makeCacheDir UID & GID are irrelevant on win32
20 info git [ 'clone',
20 info git   '--template=C:\\Users\\5CLASS-183\\AppData\\Roaming\\npm-cache\\_git-remotes\\_templates',
20 info git   '--mirror',
20 info git   'git://github.com/driftyco/ionicons.git',
20 info git   'C:\\Users\\5CLASS-183\\AppData\\Roaming\\npm-cache\\_git-remotes\\git-github-com-driftyco-ionicons-git-fa5a49b3' ]
21 verbose git clone --template=C:\Users\5CLASS-183\AppData\Roaming\npm-cache\_git-remotes\_templates --mirror git://github.com/driftyco/ionicons.git C:\Users\5CLASS-183\AppData\Roaming\npm-cache\_git-remotes\git-github-com-driftyco-ionicons-git-fa5a49b3: Cloning into bare repository 'C:\Users\5CLASS-183\AppData\Roaming\npm-cache\_git-remotes\git-github-com-driftyco-ionicons-git-fa5a49b3'...
22 silly tryHTTPS attempting to clone git+https://github.com/driftyco/ionicons.git
23 silly tryClone cloning driftyco/ionicons via git+https://github.com/driftyco/ionicons.git
24 verbose tryClone git-https-github-com-driftyco-ionicons-git-b00bcfd4 not in flight; caching
25 verbose correctMkdir C:\Users\5CLASS-183\AppData\Roaming\npm-cache\_git-remotes correctMkdir not in flight; initializing
26 verbose stack Error: kill ENOSYS
26 verbose stack     at exports._errnoException (util.js:1022:11)
26 verbose stack     at process.kill (internal/process.js:172:13)
26 verbose stack     at process.listener (C:\Program Files\nodejs\node_modules\npm\node_modules\npmlog\node_modules\gauge\node_modules\signal-exit\index.js:86:15)
26 verbose stack     at emitNone (events.js:91:20)
26 verbose stack     at process.emit (events.js:185:7)
26 verbose stack     at processEmit (C:\Program Files\nodejs\node_modules\npm\node_modules\npmlog\node_modules\gauge\node_modules\signal-exit\index.js:146:32)
26 verbose stack     at processEmit (C:\Program Files\nodejs\node_modules\npm\node_modules\npm-registry-client\node_modules\npmlog\node_modules\gauge\node_modules\signal-exit\index.js:146:32)
26 verbose stack     at Signal.wrap.onsignal (internal/process.js:199:44)
27 verbose cwd C:\hanbit\webstormpjt\poing-web
28 error Windows_NT 6.1.7601
29 error argv "C:\\Program Files\\nodejs\\node.exe" "C:\\Program Files\\nodejs\\node_modules\\npm\\bin\\npm-cli.js" "install" "driftyco/ionicons"
30 error node v6.9.2
31 error npm  v3.10.9
32 error code ENOSYS
33 error errno ENOSYS
34 error syscall kill
35 error kill ENOSYS
36 error If you need help, you may report this error at:
36 error     <https://github.com/npm/npm/issues>
37 verbose exit [ 1, true ]
